C:\Program Files (x86)\Microsoft Visual Studio\2019\Professional\MSBuild\Microsoft\VC\v160\Microsoft.CppBuild.targets(513,5): warning MSB8028: The intermediate directory (Release\) contains files shared from another project (Internals.vcxproj).  This can lead to incorrect clean and rebuild behavior.
  dllmain.cpp
  Hooks.cpp
  imgui.cpp
  imgui_demo.cpp
  imgui_draw.cpp
  imgui_impl_dx9.cpp
  imgui_impl_win32.cpp
  imgui_widgets.cpp
  flow.cpp
  buffer.c
  hde32.c
  hde64.c
  hook.c
  trampoline.c
  Generating code
  Previous IPDB not found, fall back to full compilation.
  All 934 functions were compiled because no usable IPDB/IOBJ from previous compilation was found.
  Finished generating code
  Internals.vcxproj -> C:\Users\fflow\source\repos\Internals\Release\Internal.dll
